{
  "Integration Tests": {
    "coverage": {
    },
    "timestamp": 1438874856
  },
  "RSpec": {
    "coverage": {
      "/Users/scooter/dev/1_turing/3_module/5_week/sitr/spec/controllers/feed_times_controller_spec.rb": [
        1,
        null,
        1,
        1,
        3,
        3,
        3,
        null,
        null,
        1,
        1,
        1,
        1,
        2,
        null,
        1,
        1,
        null,
        null,
        null,
        1,
        1,
        1,
        null,
        1,
        null,
        1,
        1,
        1,
        null,
        null,
        null,
        1,
        1,
        1,
        null,
        1,
        1,
        2,
        null,
        1,
        1,
        null,
        null,
        null
      ],
      "/Users/scooter/dev/1_turing/3_module/5_week/sitr/spec/rails_helper.rb": [
        null,
        1,
        1,
        null,
        1,
        1,
        1,
        null,
        null,
        null,
        null,
        null,
        null,
        null,
        null,
        null,
        null,
        null,
        null,
        null,
        null,
        null,
        null,
        null,
        null,
        null,
        1,
        null,
        1,
        null,
        1,
        null,
        null,
        null,
        null,
        1,
        null,
        null,
        null,
        null,
        null,
        null,
        null,
        null,
        null,
        null,
        null,
        null,
        null,
        null,
        1,
        null
      ],
      "/Users/scooter/dev/1_turing/3_module/5_week/sitr/config/environment.rb": [
        null,
        1,
        null,
        null,
        1
      ],
      "/Users/scooter/dev/1_turing/3_module/5_week/sitr/config/application.rb": [
        1,
        null,
        1,
        1,
        1,
        1,
        null,
        null,
        null,
        1,
        null,
        1,
        1,
        null,
        null,
        null,
        null,
        null,
        null,
        null,
        null,
        null,
        null,
        null,
        null,
        null,
        1,
        null,
        null
      ],
      "/Users/scooter/dev/1_turing/3_module/5_week/sitr/config/boot.rb": [
        1,
        null,
        1
      ],
      "/Users/scooter/dev/1_turing/3_module/5_week/sitr/config/environments/test.rb": [
        1,
        null,
        null,
        null,
        null,
        null,
        null,
        1,
        null,
        null,
        null,
        null,
        1,
        null,
        null,
        1,
        1,
        null,
        null,
        1,
        1,
        null,
        null,
        1,
        null,
        null,
        1,
        null,
        null,
        null,
        null,
        1,
        null,
        null,
        1,
        null,
        null,
        1,
        null,
        null,
        null,
        null
      ],
      "/Users/scooter/dev/1_turing/3_module/5_week/sitr/config/initializers/assets.rb": [
        null,
        null,
        null,
        1,
        null,
        null,
        null,
        null,
        null,
        null,
        null
      ],
      "/Users/scooter/dev/1_turing/3_module/5_week/sitr/config/initializers/backtrace_silencers.rb": [
        null,
        null,
        null,
        null,
        null,
        null,
        null
      ],
      "/Users/scooter/dev/1_turing/3_module/5_week/sitr/config/initializers/cookies_serializer.rb": [
        null,
        null,
        1
      ],
      "/Users/scooter/dev/1_turing/3_module/5_week/sitr/config/initializers/filter_parameter_logging.rb": [
        null,
        null,
        null,
        1
      ],
      "/Users/scooter/dev/1_turing/3_module/5_week/sitr/config/initializers/inflections.rb": [
        null,
        null,
        null,
        null,
        null,
        null,
        null,
        null,
        null,
        null,
        null,
        null,
        null,
        null,
        null,
        null
      ],
      "/Users/scooter/dev/1_turing/3_module/5_week/sitr/config/initializers/mime_types.rb": [
        null,
        null,
        null,
        null
      ],
      "/Users/scooter/dev/1_turing/3_module/5_week/sitr/config/initializers/omniauth.rb": [
        1,
        1,
        null
      ],
      "/Users/scooter/dev/1_turing/3_module/5_week/sitr/config/initializers/session_store.rb": [
        null,
        null,
        1
      ],
      "/Users/scooter/dev/1_turing/3_module/5_week/sitr/config/initializers/wrap_parameters.rb": [
        null,
        null,
        null,
        null,
        null,
        null,
        1,
        1,
        null,
        null,
        null,
        null,
        null,
        null
      ],
      "/Users/scooter/dev/1_turing/3_module/5_week/sitr/config/routes.rb": [
        1,
        1,
        1,
        1,
        1,
        null,
        1,
        1,
        1,
        1,
        1,
        null,
        null,
        null
      ],
      "/Users/scooter/dev/1_turing/3_module/5_week/sitr/app/helpers/application_helper.rb": [
        1,
        null
      ],
      "/Users/scooter/dev/1_turing/3_module/5_week/sitr/app/controllers/feed_times_controller.rb": [
        1,
        1,
        1,
        null,
        1,
        1,
        1,
        1,
        null,
        0,
        0,
        null,
        null,
        null,
        1,
        1,
        1,
        null,
        0,
        0,
        null,
        null,
        null,
        1,
        1,
        1,
        null,
        null,
        1,
        null,
        1,
        3,
        null,
        null,
        1,
        2,
        null,
        null,
        1,
        2,
        null,
        null
      ],
      "/Users/scooter/dev/1_turing/3_module/5_week/sitr/app/controllers/application_controller.rb": [
        1,
        null,
        null,
        1,
        1,
        1,
        null,
        1,
        22,
        null,
        null,
        1,
        11,
        null,
        null
      ],
      "/Users/scooter/dev/1_turing/3_module/5_week/sitr/spec/controllers/pet_feeders_controller_spec.rb": [
        1,
        null,
        1,
        1,
        3,
        3,
        null,
        null,
        1,
        1,
        1,
        1,
        2,
        null,
        1,
        1,
        null,
        null,
        null,
        1,
        1,
        1,
        null,
        1,
        null,
        1,
        1,
        1,
        null,
        null,
        null,
        1,
        1,
        1,
        null,
        1,
        1,
        2,
        null,
        1,
        1,
        null,
        null,
        null
      ],
      "/Users/scooter/dev/1_turing/3_module/5_week/sitr/app/controllers/pet_feeders_controller.rb": [
        1,
        1,
        null,
        1,
        1,
        1,
        1,
        null,
        0,
        0,
        null,
        null,
        null,
        1,
        1,
        1,
        null,
        0,
        0,
        null,
        null,
        null,
        1,
        1,
        1,
        null,
        null,
        1,
        null,
        1,
        2,
        null,
        null,
        1,
        2,
        null,
        null
      ],
      "/Users/scooter/dev/1_turing/3_module/5_week/sitr/spec/controllers/video_feeds_controller_spec.rb": [
        1,
        null,
        1,
        1,
        3,
        3,
        null,
        null,
        1,
        1,
        1,
        1,
        2,
        null,
        1,
        1,
        null,
        null,
        null,
        1,
        1,
        1,
        null,
        1,
        null,
        1,
        1,
        1,
        null,
        null,
        null,
        1,
        1,
        1,
        null,
        1,
        1,
        2,
        null,
        1,
        1,
        null,
        null,
        null
      ],
      "/Users/scooter/dev/1_turing/3_module/5_week/sitr/app/controllers/video_feeds_controller.rb": [
        1,
        1,
        null,
        1,
        1,
        1,
        1,
        null,
        0,
        0,
        null,
        null,
        null,
        1,
        1,
        1,
        null,
        0,
        0,
        null,
        null,
        null,
        1,
        1,
        1,
        null,
        null,
        1,
        null,
        1,
        2,
        null,
        null,
        1,
        2,
        null,
        null
      ],
      "/Users/scooter/dev/1_turing/3_module/5_week/sitr/spec/features/authentication_spec.rb": [
        1,
        null,
        1,
        1,
        1,
        2,
        2,
        null,
        null,
        null,
        1,
        1,
        1,
        2,
        null,
        null,
        1,
        1,
        null,
        null,
        1,
        1,
        null,
        null,
        null,
        1,
        1,
        2,
        2,
        2,
        2,
        2,
        2,
        2,
        null,
        2,
        2,
        null,
        null,
        1,
        2,
        null,
        null,
        1,
        1,
        1,
        null,
        null,
        1,
        1,
        null,
        null,
        null,
        null
      ],
      "/Users/scooter/dev/1_turing/3_module/5_week/sitr/app/models/user.rb": [
        1,
        1,
        1,
        null,
        1,
        0,
        0,
        null,
        0,
        null,
        null,
        null,
        0,
        null,
        null,
        null
      ],
      "/Users/scooter/dev/1_turing/3_module/5_week/sitr/app/models/pet_feeder.rb": [
        1,
        1,
        1,
        null,
        1,
        1,
        1,
        null
      ],
      "/Users/scooter/dev/1_turing/3_module/5_week/sitr/app/models/feed_time.rb": [
        1,
        1,
        null,
        1,
        null
      ],
      "/Users/scooter/dev/1_turing/3_module/5_week/sitr/app/models/video_feed.rb": [
        1,
        1,
        null,
        1,
        1,
        1,
        null
      ],
      "/Users/scooter/dev/1_turing/3_module/5_week/sitr/app/controllers/welcome_controller.rb": [
        1,
        1,
        null,
        1,
        null,
        null,
        null
      ],
      "/Users/scooter/dev/1_turing/3_module/5_week/sitr/app/controllers/dashboard_controller.rb": [
        1,
        1,
        null,
        null
      ]
    },
    "timestamp": 1438890598
  }
}
